20:20:48.920 [main] DEBUG org.apache.poi.openxml4j.opc.ZipPackage - Save part 'xl/worksheets/sheet4.xml'
20:20:48.924 [main] DEBUG org.apache.poi.openxml4j.opc.ZipPackage - Save part 'xl/worksheets/sheet6.xml'
20:20:50.263 [main] INFO  Testcases.TC_003_Health_Insurance - *****Finished  TC_003_Health_Insurance*****
20:20:54.174 [main] INFO  Testcases.TC_004_Health_insurance_products - Chrome browser opened successfully
20:20:56.327 [main] INFO  Testcases.TC_004_Health_insurance_products - *****Starting TC_004_Health_insurance_products*****
20:21:25.787 [main] DEBUG org.apache.poi.openxml4j.opc.PackageRelationshipCollection - Parsing relationship: /xl/_rels/workbook.xml.rels
20:21:25.789 [main] DEBUG org.apache.poi.openxml4j.opc.PackageRelationshipCollection - Parsing relationship: /_rels/.rels
20:21:25.821 [main] DEBUG org.apache.poi.openxml4j.opc.ZipPackage - Save content types part
20:21:25.823 [main] DEBUG org.apache.poi.openxml4j.opc.ZipPackage - Save package relationships
20:21:25.824 [main] DEBUG org.apache.poi.openxml4j.opc.ZipPackage - Save part 'docProps/app.xml'
20:21:25.825 [main] DEBUG org.apache.poi.openxml4j.opc.ZipPackage - Save part 'docProps/core.xml'
20:21:25.826 [main] DEBUG org.apache.poi.openxml4j.opc.ZipPackage - Save part 'xl/sharedStrings.xml'
20:21:25.826 [main] DEBUG org.apache.poi.openxml4j.opc.ZipPackage - Save part 'xl/styles.xml'
20:21:25.826 [main] DEBUG org.apache.poi.openxml4j.opc.ZipPackage - Save part 'xl/theme/theme1.xml'
20:21:25.826 [main] DEBUG org.apache.poi.openxml4j.opc.ZipPackage - Save part 'xl/workbook.xml'
20:21:25.828 [main] DEBUG org.apache.poi.openxml4j.opc.ZipPackage - Save part 'xl/worksheets/sheet1.xml'
20:21:25.829 [main] DEBUG org.apache.poi.openxml4j.opc.ZipPackage - Save part 'xl/worksheets/sheet2.xml'
20:21:25.829 [main] DEBUG org.apache.poi.openxml4j.opc.ZipPackage - Save part 'xl/worksheets/sheet3.xml'
20:21:25.829 [main] DEBUG org.apache.poi.openxml4j.opc.ZipPackage - Save part 'xl/worksheets/sheet4.xml'
20:21:25.829 [main] DEBUG org.apache.poi.openxml4j.opc.ZipPackage - Save part 'xl/worksheets/sheet6.xml'
20:21:26.148 [main] INFO  Testcases.TC_004_Health_insurance_products - *****Finished TC_004_Health_insurance_products*****
